<?xml version="1.0" encoding="UTF-8"?>
<testsuite xmlns:xsi="http://www.w3.org/2001/XMLSchema-instance" xsi:noNamespaceSchemaLocation="https://maven.apache.org/surefire/maven-surefire-plugin/xsd/surefire-test-report.xsd" name="TestSuite" time="2.038" tests="2" errors="0" skipped="0" failures="1">
  <properties>
    <property name="java.specification.version" value="21"/>
    <property name="sun.jnu.encoding" value="UTF-8"/>
    <property name="java.class.path" value="/Users/vasilii/Documents/TestBase/testBaseAutoTest/target/test-classes:/Users/vasilii/Documents/TestBase/testBaseAutoTest/target/classes:/Users/vasilii/.m2/repository/com/codeborne/selenide/7.0.4/selenide-7.0.4.jar:/Users/vasilii/.m2/repository/org/seleniumhq/selenium/selenium-java/4.16.1/selenium-java-4.16.1.jar:/Users/vasilii/.m2/repository/org/seleniumhq/selenium/selenium-api/4.16.1/selenium-api-4.16.1.jar:/Users/vasilii/.m2/repository/org/seleniumhq/selenium/selenium-chrome-driver/4.16.1/selenium-chrome-driver-4.16.1.jar:/Users/vasilii/.m2/repository/com/google/auto/service/auto-service-annotations/1.1.1/auto-service-annotations-1.1.1.jar:/Users/vasilii/.m2/repository/org/seleniumhq/selenium/selenium-chromium-driver/4.16.1/selenium-chromium-driver-4.16.1.jar:/Users/vasilii/.m2/repository/org/seleniumhq/selenium/selenium-json/4.16.1/selenium-json-4.16.1.jar:/Users/vasilii/.m2/repository/org/seleniumhq/selenium/selenium-manager/4.16.1/selenium-manager-4.16.1.jar:/Users/vasilii/.m2/repository/org/seleniumhq/selenium/selenium-devtools-v118/4.16.1/selenium-devtools-v118-4.16.1.jar:/Users/vasilii/.m2/repository/org/seleniumhq/selenium/selenium-devtools-v119/4.16.1/selenium-devtools-v119-4.16.1.jar:/Users/vasilii/.m2/repository/org/seleniumhq/selenium/selenium-devtools-v120/4.16.1/selenium-devtools-v120-4.16.1.jar:/Users/vasilii/.m2/repository/org/seleniumhq/selenium/selenium-devtools-v85/4.16.1/selenium-devtools-v85-4.16.1.jar:/Users/vasilii/.m2/repository/org/seleniumhq/selenium/selenium-edge-driver/4.16.1/selenium-edge-driver-4.16.1.jar:/Users/vasilii/.m2/repository/org/seleniumhq/selenium/selenium-firefox-driver/4.16.1/selenium-firefox-driver-4.16.1.jar:/Users/vasilii/.m2/repository/org/seleniumhq/selenium/selenium-http/4.16.1/selenium-http-4.16.1.jar:/Users/vasilii/.m2/repository/dev/failsafe/failsafe/3.3.2/failsafe-3.3.2.jar:/Users/vasilii/.m2/repository/org/seleniumhq/selenium/selenium-ie-driver/4.16.1/selenium-ie-driver-4.16.1.jar:/Users/vasilii/.m2/repository/org/seleniumhq/selenium/selenium-remote-driver/4.16.1/selenium-remote-driver-4.16.1.jar:/Users/vasilii/.m2/repository/io/opentelemetry/opentelemetry-api/1.28.0/opentelemetry-api-1.28.0.jar:/Users/vasilii/.m2/repository/io/opentelemetry/opentelemetry-context/1.28.0/opentelemetry-context-1.28.0.jar:/Users/vasilii/.m2/repository/io/opentelemetry/opentelemetry-exporter-logging/1.28.0/opentelemetry-exporter-logging-1.28.0.jar:/Users/vasilii/.m2/repository/io/opentelemetry/opentelemetry-sdk-metrics/1.28.0/opentelemetry-sdk-metrics-1.28.0.jar:/Users/vasilii/.m2/repository/io/opentelemetry/opentelemetry-extension-incubator/1.28.0-alpha/opentelemetry-extension-incubator-1.28.0-alpha.jar:/Users/vasilii/.m2/repository/io/opentelemetry/opentelemetry-sdk-logs/1.28.0/opentelemetry-sdk-logs-1.28.0.jar:/Users/vasilii/.m2/repository/io/opentelemetry/opentelemetry-sdk-common/1.28.0/opentelemetry-sdk-common-1.28.0.jar:/Users/vasilii/.m2/repository/io/opentelemetry/opentelemetry-sdk-extension-autoconfigure-spi/1.28.0/opentelemetry-sdk-extension-autoconfigure-spi-1.28.0.jar:/Users/vasilii/.m2/repository/io/opentelemetry/opentelemetry-sdk-extension-autoconfigure/1.28.0/opentelemetry-sdk-extension-autoconfigure-1.28.0.jar:/Users/vasilii/.m2/repository/io/opentelemetry/opentelemetry-api-events/1.28.0-alpha/opentelemetry-api-events-1.28.0-alpha.jar:/Users/vasilii/.m2/repository/io/opentelemetry/opentelemetry-sdk-trace/1.28.0/opentelemetry-sdk-trace-1.28.0.jar:/Users/vasilii/.m2/repository/io/opentelemetry/opentelemetry-sdk/1.28.0/opentelemetry-sdk-1.28.0.jar:/Users/vasilii/.m2/repository/io/opentelemetry/opentelemetry-semconv/1.28.0-alpha/opentelemetry-semconv-1.28.0-alpha.jar:/Users/vasilii/.m2/repository/org/seleniumhq/selenium/selenium-os/4.16.1/selenium-os-4.16.1.jar:/Users/vasilii/.m2/repository/org/apache/commons/commons-exec/1.3/commons-exec-1.3.jar:/Users/vasilii/.m2/repository/org/seleniumhq/selenium/selenium-safari-driver/4.16.1/selenium-safari-driver-4.16.1.jar:/Users/vasilii/.m2/repository/org/seleniumhq/selenium/selenium-support/4.16.1/selenium-support-4.16.1.jar:/Users/vasilii/.m2/repository/com/codeborne/selenide-core/7.0.4/selenide-core-7.0.4.jar:/Users/vasilii/.m2/repository/org/opentest4j/opentest4j/1.3.0/opentest4j-1.3.0.jar:/Users/vasilii/.m2/repository/com/google/guava/guava/32.1.3-jre/guava-32.1.3-jre.jar:/Users/vasilii/.m2/repository/com/google/guava/failureaccess/1.0.1/failureaccess-1.0.1.jar:/Users/vasilii/.m2/repository/com/google/guava/listenablefuture/9999.0-empty-to-avoid-conflict-with-guava/listenablefuture-9999.0-empty-to-avoid-conflict-with-guava.jar:/Users/vasilii/.m2/repository/com/google/code/findbugs/jsr305/3.0.2/jsr305-3.0.2.jar:/Users/vasilii/.m2/repository/org/checkerframework/checker-qual/3.37.0/checker-qual-3.37.0.jar:/Users/vasilii/.m2/repository/com/google/errorprone/error_prone_annotations/2.21.1/error_prone_annotations-2.21.1.jar:/Users/vasilii/.m2/repository/com/google/j2objc/j2objc-annotations/2.8/j2objc-annotations-2.8.jar:/Users/vasilii/.m2/repository/org/apache/commons/commons-lang3/3.14.0/commons-lang3-3.14.0.jar:/Users/vasilii/.m2/repository/commons-io/commons-io/2.15.1/commons-io-2.15.1.jar:/Users/vasilii/.m2/repository/ch/qos/logback/logback-classic/1.4.6/logback-classic-1.4.6.jar:/Users/vasilii/.m2/repository/ch/qos/logback/logback-core/1.4.6/logback-core-1.4.6.jar:/Users/vasilii/.m2/repository/org/slf4j/slf4j-api/2.0.5/slf4j-api-2.0.5.jar:/Users/vasilii/.m2/repository/dom4j/dom4j/1.6.1/dom4j-1.6.1.jar:/Users/vasilii/.m2/repository/xml-apis/xml-apis/1.0.b2/xml-apis-1.0.b2.jar:/Users/vasilii/.m2/repository/org/webjars/npm/step/0.0.6/step-0.0.6.jar:/Users/vasilii/.m2/repository/org/testng/testng/6.14.3/testng-6.14.3.jar:/Users/vasilii/.m2/repository/com/beust/jcommander/1.72/jcommander-1.72.jar:/Users/vasilii/.m2/repository/org/apache-extras/beanshell/bsh/2.0b6/bsh-2.0b6.jar:/Users/vasilii/.m2/repository/io/qameta/allure/allure-testng/2.13.0/allure-testng-2.13.0.jar:/Users/vasilii/.m2/repository/io/qameta/allure/allure-java-commons/2.13.0/allure-java-commons-2.13.0.jar:/Users/vasilii/.m2/repository/io/qameta/allure/allure-model/2.13.0/allure-model-2.13.0.jar:/Users/vasilii/.m2/repository/org/apache/tika/tika-core/1.20/tika-core-1.20.jar:/Users/vasilii/.m2/repository/org/jooq/joor-java-8/0.9.10/joor-java-8-0.9.10.jar:/Users/vasilii/.m2/repository/org/xerial/sqlite-jdbc/3.42.0.0/sqlite-jdbc-3.42.0.0.jar:/Users/vasilii/.m2/repository/io/rest-assured/rest-assured/5.4.0/rest-assured-5.4.0.jar:/Users/vasilii/.m2/repository/org/apache/groovy/groovy/4.0.16/groovy-4.0.16.jar:/Users/vasilii/.m2/repository/org/apache/groovy/groovy-xml/4.0.16/groovy-xml-4.0.16.jar:/Users/vasilii/.m2/repository/org/apache/httpcomponents/httpclient/4.5.13/httpclient-4.5.13.jar:/Users/vasilii/.m2/repository/org/apache/httpcomponents/httpcore/4.4.13/httpcore-4.4.13.jar:/Users/vasilii/.m2/repository/commons-logging/commons-logging/1.2/commons-logging-1.2.jar:/Users/vasilii/.m2/repository/commons-codec/commons-codec/1.11/commons-codec-1.11.jar:/Users/vasilii/.m2/repository/org/apache/httpcomponents/httpmime/4.5.13/httpmime-4.5.13.jar:/Users/vasilii/.m2/repository/org/hamcrest/hamcrest/2.2/hamcrest-2.2.jar:/Users/vasilii/.m2/repository/org/ccil/cowan/tagsoup/tagsoup/1.2.1/tagsoup-1.2.1.jar:/Users/vasilii/.m2/repository/io/rest-assured/json-path/5.4.0/json-path-5.4.0.jar:/Users/vasilii/.m2/repository/org/apache/groovy/groovy-json/4.0.16/groovy-json-4.0.16.jar:/Users/vasilii/.m2/repository/io/rest-assured/rest-assured-common/5.4.0/rest-assured-common-5.4.0.jar:/Users/vasilii/.m2/repository/io/rest-assured/xml-path/5.4.0/xml-path-5.4.0.jar:/Users/vasilii/.m2/repository/org/wiremock/wiremock/3.5.4/wiremock-3.5.4.jar:/Users/vasilii/.m2/repository/org/eclipse/jetty/jetty-server/11.0.20/jetty-server-11.0.20.jar:/Users/vasilii/.m2/repository/org/eclipse/jetty/jetty-http/11.0.20/jetty-http-11.0.20.jar:/Users/vasilii/.m2/repository/org/eclipse/jetty/jetty-io/11.0.20/jetty-io-11.0.20.jar:/Users/vasilii/.m2/repository/org/eclipse/jetty/toolchain/jetty-jakarta-servlet-api/5.0.2/jetty-jakarta-servlet-api-5.0.2.jar:/Users/vasilii/.m2/repository/org/eclipse/jetty/jetty-servlet/11.0.20/jetty-servlet-11.0.20.jar:/Users/vasilii/.m2/repository/org/eclipse/jetty/jetty-security/11.0.20/jetty-security-11.0.20.jar:/Users/vasilii/.m2/repository/org/eclipse/jetty/jetty-servlets/11.0.20/jetty-servlets-11.0.20.jar:/Users/vasilii/.m2/repository/org/eclipse/jetty/jetty-util/11.0.20/jetty-util-11.0.20.jar:/Users/vasilii/.m2/repository/org/eclipse/jetty/jetty-webapp/11.0.20/jetty-webapp-11.0.20.jar:/Users/vasilii/.m2/repository/org/eclipse/jetty/jetty-xml/11.0.20/jetty-xml-11.0.20.jar:/Users/vasilii/.m2/repository/org/eclipse/jetty/jetty-proxy/11.0.20/jetty-proxy-11.0.20.jar:/Users/vasilii/.m2/repository/org/eclipse/jetty/jetty-client/11.0.20/jetty-client-11.0.20.jar:/Users/vasilii/.m2/repository/org/eclipse/jetty/http2/http2-server/11.0.20/http2-server-11.0.20.jar:/Users/vasilii/.m2/repository/org/eclipse/jetty/http2/http2-common/11.0.20/http2-common-11.0.20.jar:/Users/vasilii/.m2/repository/org/eclipse/jetty/http2/http2-hpack/11.0.20/http2-hpack-11.0.20.jar:/Users/vasilii/.m2/repository/org/eclipse/jetty/jetty-alpn-server/11.0.20/jetty-alpn-server-11.0.20.jar:/Users/vasilii/.m2/repository/org/eclipse/jetty/jetty-alpn-java-server/11.0.20/jetty-alpn-java-server-11.0.20.jar:/Users/vasilii/.m2/repository/org/eclipse/jetty/jetty-alpn-java-client/11.0.20/jetty-alpn-java-client-11.0.20.jar:/Users/vasilii/.m2/repository/org/eclipse/jetty/jetty-alpn-client/11.0.20/jetty-alpn-client-11.0.20.jar:/Users/vasilii/.m2/repository/com/fasterxml/jackson/core/jackson-core/2.17.0/jackson-core-2.17.0.jar:/Users/vasilii/.m2/repository/com/fasterxml/jackson/core/jackson-annotations/2.17.0/jackson-annotations-2.17.0.jar:/Users/vasilii/.m2/repository/com/fasterxml/jackson/core/jackson-databind/2.17.0/jackson-databind-2.17.0.jar:/Users/vasilii/.m2/repository/net/bytebuddy/byte-buddy/1.14.9/byte-buddy-1.14.9.jar:/Users/vasilii/.m2/repository/com/fasterxml/jackson/datatype/jackson-datatype-jsr310/2.17.0/jackson-datatype-jsr310-2.17.0.jar:/Users/vasilii/.m2/repository/org/apache/httpcomponents/client5/httpclient5/5.3.1/httpclient5-5.3.1.jar:/Users/vasilii/.m2/repository/org/apache/httpcomponents/core5/httpcore5/5.2.4/httpcore5-5.2.4.jar:/Users/vasilii/.m2/repository/org/apache/httpcomponents/core5/httpcore5-h2/5.2.4/httpcore5-h2-5.2.4.jar:/Users/vasilii/.m2/repository/org/xmlunit/xmlunit-core/2.9.1/xmlunit-core-2.9.1.jar:/Users/vasilii/.m2/repository/jakarta/xml/bind/jakarta.xml.bind-api/2.3.3/jakarta.xml.bind-api-2.3.3.jar:/Users/vasilii/.m2/repository/jakarta/activation/jakarta.activation-api/1.2.2/jakarta.activation-api-1.2.2.jar:/Users/vasilii/.m2/repository/org/xmlunit/xmlunit-legacy/2.9.1/xmlunit-legacy-2.9.1.jar:/Users/vasilii/.m2/repository/org/xmlunit/xmlunit-placeholders/2.9.1/xmlunit-placeholders-2.9.1.jar:/Users/vasilii/.m2/repository/net/javacrumbs/json-unit/json-unit-core/2.38.0/json-unit-core-2.38.0.jar:/Users/vasilii/.m2/repository/org/hamcrest/hamcrest-core/2.2/hamcrest-core-2.2.jar:/Users/vasilii/.m2/repository/com/jayway/jsonpath/json-path/2.9.0/json-path-2.9.0.jar:/Users/vasilii/.m2/repository/net/minidev/json-smart/2.5.0/json-smart-2.5.0.jar:/Users/vasilii/.m2/repository/net/minidev/accessors-smart/2.5.0/accessors-smart-2.5.0.jar:/Users/vasilii/.m2/repository/net/sf/jopt-simple/jopt-simple/5.0.4/jopt-simple-5.0.4.jar:/Users/vasilii/.m2/repository/com/github/jknack/handlebars/4.3.1/handlebars-4.3.1.jar:/Users/vasilii/.m2/repository/com/github/jknack/handlebars-helpers/4.3.1/handlebars-helpers-4.3.1.jar:/Users/vasilii/.m2/repository/commons-fileupload/commons-fileupload/1.5/commons-fileupload-1.5.jar:/Users/vasilii/.m2/repository/com/networknt/json-schema-validator/1.4.0/json-schema-validator-1.4.0.jar:/Users/vasilii/.m2/repository/com/ethlo/time/itu/1.8.0/itu-1.8.0.jar:/Users/vasilii/.m2/repository/com/fasterxml/jackson/dataformat/jackson-dataformat-yaml/2.15.3/jackson-dataformat-yaml-2.15.3.jar:/Users/vasilii/.m2/repository/org/yaml/snakeyaml/2.1/snakeyaml-2.1.jar:/Users/vasilii/.m2/repository/org/wiremock/wiremock-standalone/3.5.4/wiremock-standalone-3.5.4.jar:/Users/vasilii/.m2/repository/io/cucumber/cucumber-java/7.9.0/cucumber-java-7.9.0.jar:/Users/vasilii/.m2/repository/io/cucumber/cucumber-core/7.9.0/cucumber-core-7.9.0.jar:/Users/vasilii/.m2/repository/io/cucumber/cucumber-gherkin/7.9.0/cucumber-gherkin-7.9.0.jar:/Users/vasilii/.m2/repository/io/cucumber/cucumber-gherkin-messages/7.9.0/cucumber-gherkin-messages-7.9.0.jar:/Users/vasilii/.m2/repository/io/cucumber/gherkin/24.1.0/gherkin-24.1.0.jar:/Users/vasilii/.m2/repository/io/cucumber/messages/19.1.4/messages-19.1.4.jar:/Users/vasilii/.m2/repository/io/cucumber/tag-expressions/4.1.0/tag-expressions-4.1.0.jar:/Users/vasilii/.m2/repository/io/cucumber/cucumber-expressions/16.0.0/cucumber-expressions-16.0.0.jar:/Users/vasilii/.m2/repository/io/cucumber/datatable/7.9.0/datatable-7.9.0.jar:/Users/vasilii/.m2/repository/io/cucumber/cucumber-plugin/7.9.0/cucumber-plugin-7.9.0.jar:/Users/vasilii/.m2/repository/io/cucumber/docstring/7.9.0/docstring-7.9.0.jar:/Users/vasilii/.m2/repository/io/cucumber/html-formatter/20.1.0/html-formatter-20.1.0.jar:/Users/vasilii/.m2/repository/io/cucumber/ci-environment/9.1.0/ci-environment-9.1.0.jar:/Users/vasilii/.m2/repository/org/apiguardian/apiguardian-api/1.1.2/apiguardian-api-1.1.2.jar:/Users/vasilii/.m2/repository/io/cucumber/cucumber-testng/7.9.0/cucumber-testng-7.9.0.jar:"/>
    <property name="java.vm.vendor" value="Homebrew"/>
    <property name="sun.arch.data.model" value="64"/>
    <property name="java.vendor.url" value="https://github.com/Homebrew/homebrew-core/issues"/>
    <property name="os.name" value="Mac OS X"/>
    <property name="java.vm.specification.version" value="21"/>
    <property name="sun.java.launcher" value="SUN_STANDARD"/>
    <property name="user.country" value="RU"/>
    <property name="sun.boot.library.path" value="/usr/local/Cellar/openjdk/21.0.2/libexec/openjdk.jdk/Contents/Home/lib"/>
    <property name="sun.java.command" value="/Users/vasilii/Documents/TestBase/testBaseAutoTest/target/surefire/surefirebooter4571333667870539438.jar /Users/vasilii/Documents/TestBase/testBaseAutoTest/target/surefire 2024-07-07T21-20-37_661-jvmRun1 surefire6480252068985849413tmp surefire_07571192939983304273tmp"/>
    <property name="jdk.debug" value="release"/>
    <property name="surefire.test.class.path" value="/Users/vasilii/Documents/TestBase/testBaseAutoTest/target/test-classes:/Users/vasilii/Documents/TestBase/testBaseAutoTest/target/classes:/Users/vasilii/.m2/repository/com/codeborne/selenide/7.0.4/selenide-7.0.4.jar:/Users/vasilii/.m2/repository/org/seleniumhq/selenium/selenium-java/4.16.1/selenium-java-4.16.1.jar:/Users/vasilii/.m2/repository/org/seleniumhq/selenium/selenium-api/4.16.1/selenium-api-4.16.1.jar:/Users/vasilii/.m2/repository/org/seleniumhq/selenium/selenium-chrome-driver/4.16.1/selenium-chrome-driver-4.16.1.jar:/Users/vasilii/.m2/repository/com/google/auto/service/auto-service-annotations/1.1.1/auto-service-annotations-1.1.1.jar:/Users/vasilii/.m2/repository/org/seleniumhq/selenium/selenium-chromium-driver/4.16.1/selenium-chromium-driver-4.16.1.jar:/Users/vasilii/.m2/repository/org/seleniumhq/selenium/selenium-json/4.16.1/selenium-json-4.16.1.jar:/Users/vasilii/.m2/repository/org/seleniumhq/selenium/selenium-manager/4.16.1/selenium-manager-4.16.1.jar:/Users/vasilii/.m2/repository/org/seleniumhq/selenium/selenium-devtools-v118/4.16.1/selenium-devtools-v118-4.16.1.jar:/Users/vasilii/.m2/repository/org/seleniumhq/selenium/selenium-devtools-v119/4.16.1/selenium-devtools-v119-4.16.1.jar:/Users/vasilii/.m2/repository/org/seleniumhq/selenium/selenium-devtools-v120/4.16.1/selenium-devtools-v120-4.16.1.jar:/Users/vasilii/.m2/repository/org/seleniumhq/selenium/selenium-devtools-v85/4.16.1/selenium-devtools-v85-4.16.1.jar:/Users/vasilii/.m2/repository/org/seleniumhq/selenium/selenium-edge-driver/4.16.1/selenium-edge-driver-4.16.1.jar:/Users/vasilii/.m2/repository/org/seleniumhq/selenium/selenium-firefox-driver/4.16.1/selenium-firefox-driver-4.16.1.jar:/Users/vasilii/.m2/repository/org/seleniumhq/selenium/selenium-http/4.16.1/selenium-http-4.16.1.jar:/Users/vasilii/.m2/repository/dev/failsafe/failsafe/3.3.2/failsafe-3.3.2.jar:/Users/vasilii/.m2/repository/org/seleniumhq/selenium/selenium-ie-driver/4.16.1/selenium-ie-driver-4.16.1.jar:/Users/vasilii/.m2/repository/org/seleniumhq/selenium/selenium-remote-driver/4.16.1/selenium-remote-driver-4.16.1.jar:/Users/vasilii/.m2/repository/io/opentelemetry/opentelemetry-api/1.28.0/opentelemetry-api-1.28.0.jar:/Users/vasilii/.m2/repository/io/opentelemetry/opentelemetry-context/1.28.0/opentelemetry-context-1.28.0.jar:/Users/vasilii/.m2/repository/io/opentelemetry/opentelemetry-exporter-logging/1.28.0/opentelemetry-exporter-logging-1.28.0.jar:/Users/vasilii/.m2/repository/io/opentelemetry/opentelemetry-sdk-metrics/1.28.0/opentelemetry-sdk-metrics-1.28.0.jar:/Users/vasilii/.m2/repository/io/opentelemetry/opentelemetry-extension-incubator/1.28.0-alpha/opentelemetry-extension-incubator-1.28.0-alpha.jar:/Users/vasilii/.m2/repository/io/opentelemetry/opentelemetry-sdk-logs/1.28.0/opentelemetry-sdk-logs-1.28.0.jar:/Users/vasilii/.m2/repository/io/opentelemetry/opentelemetry-sdk-common/1.28.0/opentelemetry-sdk-common-1.28.0.jar:/Users/vasilii/.m2/repository/io/opentelemetry/opentelemetry-sdk-extension-autoconfigure-spi/1.28.0/opentelemetry-sdk-extension-autoconfigure-spi-1.28.0.jar:/Users/vasilii/.m2/repository/io/opentelemetry/opentelemetry-sdk-extension-autoconfigure/1.28.0/opentelemetry-sdk-extension-autoconfigure-1.28.0.jar:/Users/vasilii/.m2/repository/io/opentelemetry/opentelemetry-api-events/1.28.0-alpha/opentelemetry-api-events-1.28.0-alpha.jar:/Users/vasilii/.m2/repository/io/opentelemetry/opentelemetry-sdk-trace/1.28.0/opentelemetry-sdk-trace-1.28.0.jar:/Users/vasilii/.m2/repository/io/opentelemetry/opentelemetry-sdk/1.28.0/opentelemetry-sdk-1.28.0.jar:/Users/vasilii/.m2/repository/io/opentelemetry/opentelemetry-semconv/1.28.0-alpha/opentelemetry-semconv-1.28.0-alpha.jar:/Users/vasilii/.m2/repository/org/seleniumhq/selenium/selenium-os/4.16.1/selenium-os-4.16.1.jar:/Users/vasilii/.m2/repository/org/apache/commons/commons-exec/1.3/commons-exec-1.3.jar:/Users/vasilii/.m2/repository/org/seleniumhq/selenium/selenium-safari-driver/4.16.1/selenium-safari-driver-4.16.1.jar:/Users/vasilii/.m2/repository/org/seleniumhq/selenium/selenium-support/4.16.1/selenium-support-4.16.1.jar:/Users/vasilii/.m2/repository/com/codeborne/selenide-core/7.0.4/selenide-core-7.0.4.jar:/Users/vasilii/.m2/repository/org/opentest4j/opentest4j/1.3.0/opentest4j-1.3.0.jar:/Users/vasilii/.m2/repository/com/google/guava/guava/32.1.3-jre/guava-32.1.3-jre.jar:/Users/vasilii/.m2/repository/com/google/guava/failureaccess/1.0.1/failureaccess-1.0.1.jar:/Users/vasilii/.m2/repository/com/google/guava/listenablefuture/9999.0-empty-to-avoid-conflict-with-guava/listenablefuture-9999.0-empty-to-avoid-conflict-with-guava.jar:/Users/vasilii/.m2/repository/com/google/code/findbugs/jsr305/3.0.2/jsr305-3.0.2.jar:/Users/vasilii/.m2/repository/org/checkerframework/checker-qual/3.37.0/checker-qual-3.37.0.jar:/Users/vasilii/.m2/repository/com/google/errorprone/error_prone_annotations/2.21.1/error_prone_annotations-2.21.1.jar:/Users/vasilii/.m2/repository/com/google/j2objc/j2objc-annotations/2.8/j2objc-annotations-2.8.jar:/Users/vasilii/.m2/repository/org/apache/commons/commons-lang3/3.14.0/commons-lang3-3.14.0.jar:/Users/vasilii/.m2/repository/commons-io/commons-io/2.15.1/commons-io-2.15.1.jar:/Users/vasilii/.m2/repository/ch/qos/logback/logback-classic/1.4.6/logback-classic-1.4.6.jar:/Users/vasilii/.m2/repository/ch/qos/logback/logback-core/1.4.6/logback-core-1.4.6.jar:/Users/vasilii/.m2/repository/org/slf4j/slf4j-api/2.0.5/slf4j-api-2.0.5.jar:/Users/vasilii/.m2/repository/dom4j/dom4j/1.6.1/dom4j-1.6.1.jar:/Users/vasilii/.m2/repository/xml-apis/xml-apis/1.0.b2/xml-apis-1.0.b2.jar:/Users/vasilii/.m2/repository/org/webjars/npm/step/0.0.6/step-0.0.6.jar:/Users/vasilii/.m2/repository/org/testng/testng/6.14.3/testng-6.14.3.jar:/Users/vasilii/.m2/repository/com/beust/jcommander/1.72/jcommander-1.72.jar:/Users/vasilii/.m2/repository/org/apache-extras/beanshell/bsh/2.0b6/bsh-2.0b6.jar:/Users/vasilii/.m2/repository/io/qameta/allure/allure-testng/2.13.0/allure-testng-2.13.0.jar:/Users/vasilii/.m2/repository/io/qameta/allure/allure-java-commons/2.13.0/allure-java-commons-2.13.0.jar:/Users/vasilii/.m2/repository/io/qameta/allure/allure-model/2.13.0/allure-model-2.13.0.jar:/Users/vasilii/.m2/repository/org/apache/tika/tika-core/1.20/tika-core-1.20.jar:/Users/vasilii/.m2/repository/org/jooq/joor-java-8/0.9.10/joor-java-8-0.9.10.jar:/Users/vasilii/.m2/repository/org/xerial/sqlite-jdbc/3.42.0.0/sqlite-jdbc-3.42.0.0.jar:/Users/vasilii/.m2/repository/io/rest-assured/rest-assured/5.4.0/rest-assured-5.4.0.jar:/Users/vasilii/.m2/repository/org/apache/groovy/groovy/4.0.16/groovy-4.0.16.jar:/Users/vasilii/.m2/repository/org/apache/groovy/groovy-xml/4.0.16/groovy-xml-4.0.16.jar:/Users/vasilii/.m2/repository/org/apache/httpcomponents/httpclient/4.5.13/httpclient-4.5.13.jar:/Users/vasilii/.m2/repository/org/apache/httpcomponents/httpcore/4.4.13/httpcore-4.4.13.jar:/Users/vasilii/.m2/repository/commons-logging/commons-logging/1.2/commons-logging-1.2.jar:/Users/vasilii/.m2/repository/commons-codec/commons-codec/1.11/commons-codec-1.11.jar:/Users/vasilii/.m2/repository/org/apache/httpcomponents/httpmime/4.5.13/httpmime-4.5.13.jar:/Users/vasilii/.m2/repository/org/hamcrest/hamcrest/2.2/hamcrest-2.2.jar:/Users/vasilii/.m2/repository/org/ccil/cowan/tagsoup/tagsoup/1.2.1/tagsoup-1.2.1.jar:/Users/vasilii/.m2/repository/io/rest-assured/json-path/5.4.0/json-path-5.4.0.jar:/Users/vasilii/.m2/repository/org/apache/groovy/groovy-json/4.0.16/groovy-json-4.0.16.jar:/Users/vasilii/.m2/repository/io/rest-assured/rest-assured-common/5.4.0/rest-assured-common-5.4.0.jar:/Users/vasilii/.m2/repository/io/rest-assured/xml-path/5.4.0/xml-path-5.4.0.jar:/Users/vasilii/.m2/repository/org/wiremock/wiremock/3.5.4/wiremock-3.5.4.jar:/Users/vasilii/.m2/repository/org/eclipse/jetty/jetty-server/11.0.20/jetty-server-11.0.20.jar:/Users/vasilii/.m2/repository/org/eclipse/jetty/jetty-http/11.0.20/jetty-http-11.0.20.jar:/Users/vasilii/.m2/repository/org/eclipse/jetty/jetty-io/11.0.20/jetty-io-11.0.20.jar:/Users/vasilii/.m2/repository/org/eclipse/jetty/toolchain/jetty-jakarta-servlet-api/5.0.2/jetty-jakarta-servlet-api-5.0.2.jar:/Users/vasilii/.m2/repository/org/eclipse/jetty/jetty-servlet/11.0.20/jetty-servlet-11.0.20.jar:/Users/vasilii/.m2/repository/org/eclipse/jetty/jetty-security/11.0.20/jetty-security-11.0.20.jar:/Users/vasilii/.m2/repository/org/eclipse/jetty/jetty-servlets/11.0.20/jetty-servlets-11.0.20.jar:/Users/vasilii/.m2/repository/org/eclipse/jetty/jetty-util/11.0.20/jetty-util-11.0.20.jar:/Users/vasilii/.m2/repository/org/eclipse/jetty/jetty-webapp/11.0.20/jetty-webapp-11.0.20.jar:/Users/vasilii/.m2/repository/org/eclipse/jetty/jetty-xml/11.0.20/jetty-xml-11.0.20.jar:/Users/vasilii/.m2/repository/org/eclipse/jetty/jetty-proxy/11.0.20/jetty-proxy-11.0.20.jar:/Users/vasilii/.m2/repository/org/eclipse/jetty/jetty-client/11.0.20/jetty-client-11.0.20.jar:/Users/vasilii/.m2/repository/org/eclipse/jetty/http2/http2-server/11.0.20/http2-server-11.0.20.jar:/Users/vasilii/.m2/repository/org/eclipse/jetty/http2/http2-common/11.0.20/http2-common-11.0.20.jar:/Users/vasilii/.m2/repository/org/eclipse/jetty/http2/http2-hpack/11.0.20/http2-hpack-11.0.20.jar:/Users/vasilii/.m2/repository/org/eclipse/jetty/jetty-alpn-server/11.0.20/jetty-alpn-server-11.0.20.jar:/Users/vasilii/.m2/repository/org/eclipse/jetty/jetty-alpn-java-server/11.0.20/jetty-alpn-java-server-11.0.20.jar:/Users/vasilii/.m2/repository/org/eclipse/jetty/jetty-alpn-java-client/11.0.20/jetty-alpn-java-client-11.0.20.jar:/Users/vasilii/.m2/repository/org/eclipse/jetty/jetty-alpn-client/11.0.20/jetty-alpn-client-11.0.20.jar:/Users/vasilii/.m2/repository/com/fasterxml/jackson/core/jackson-core/2.17.0/jackson-core-2.17.0.jar:/Users/vasilii/.m2/repository/com/fasterxml/jackson/core/jackson-annotations/2.17.0/jackson-annotations-2.17.0.jar:/Users/vasilii/.m2/repository/com/fasterxml/jackson/core/jackson-databind/2.17.0/jackson-databind-2.17.0.jar:/Users/vasilii/.m2/repository/net/bytebuddy/byte-buddy/1.14.9/byte-buddy-1.14.9.jar:/Users/vasilii/.m2/repository/com/fasterxml/jackson/datatype/jackson-datatype-jsr310/2.17.0/jackson-datatype-jsr310-2.17.0.jar:/Users/vasilii/.m2/repository/org/apache/httpcomponents/client5/httpclient5/5.3.1/httpclient5-5.3.1.jar:/Users/vasilii/.m2/repository/org/apache/httpcomponents/core5/httpcore5/5.2.4/httpcore5-5.2.4.jar:/Users/vasilii/.m2/repository/org/apache/httpcomponents/core5/httpcore5-h2/5.2.4/httpcore5-h2-5.2.4.jar:/Users/vasilii/.m2/repository/org/xmlunit/xmlunit-core/2.9.1/xmlunit-core-2.9.1.jar:/Users/vasilii/.m2/repository/jakarta/xml/bind/jakarta.xml.bind-api/2.3.3/jakarta.xml.bind-api-2.3.3.jar:/Users/vasilii/.m2/repository/jakarta/activation/jakarta.activation-api/1.2.2/jakarta.activation-api-1.2.2.jar:/Users/vasilii/.m2/repository/org/xmlunit/xmlunit-legacy/2.9.1/xmlunit-legacy-2.9.1.jar:/Users/vasilii/.m2/repository/org/xmlunit/xmlunit-placeholders/2.9.1/xmlunit-placeholders-2.9.1.jar:/Users/vasilii/.m2/repository/net/javacrumbs/json-unit/json-unit-core/2.38.0/json-unit-core-2.38.0.jar:/Users/vasilii/.m2/repository/org/hamcrest/hamcrest-core/2.2/hamcrest-core-2.2.jar:/Users/vasilii/.m2/repository/com/jayway/jsonpath/json-path/2.9.0/json-path-2.9.0.jar:/Users/vasilii/.m2/repository/net/minidev/json-smart/2.5.0/json-smart-2.5.0.jar:/Users/vasilii/.m2/repository/net/minidev/accessors-smart/2.5.0/accessors-smart-2.5.0.jar:/Users/vasilii/.m2/repository/net/sf/jopt-simple/jopt-simple/5.0.4/jopt-simple-5.0.4.jar:/Users/vasilii/.m2/repository/com/github/jknack/handlebars/4.3.1/handlebars-4.3.1.jar:/Users/vasilii/.m2/repository/com/github/jknack/handlebars-helpers/4.3.1/handlebars-helpers-4.3.1.jar:/Users/vasilii/.m2/repository/commons-fileupload/commons-fileupload/1.5/commons-fileupload-1.5.jar:/Users/vasilii/.m2/repository/com/networknt/json-schema-validator/1.4.0/json-schema-validator-1.4.0.jar:/Users/vasilii/.m2/repository/com/ethlo/time/itu/1.8.0/itu-1.8.0.jar:/Users/vasilii/.m2/repository/com/fasterxml/jackson/dataformat/jackson-dataformat-yaml/2.15.3/jackson-dataformat-yaml-2.15.3.jar:/Users/vasilii/.m2/repository/org/yaml/snakeyaml/2.1/snakeyaml-2.1.jar:/Users/vasilii/.m2/repository/org/wiremock/wiremock-standalone/3.5.4/wiremock-standalone-3.5.4.jar:/Users/vasilii/.m2/repository/io/cucumber/cucumber-java/7.9.0/cucumber-java-7.9.0.jar:/Users/vasilii/.m2/repository/io/cucumber/cucumber-core/7.9.0/cucumber-core-7.9.0.jar:/Users/vasilii/.m2/repository/io/cucumber/cucumber-gherkin/7.9.0/cucumber-gherkin-7.9.0.jar:/Users/vasilii/.m2/repository/io/cucumber/cucumber-gherkin-messages/7.9.0/cucumber-gherkin-messages-7.9.0.jar:/Users/vasilii/.m2/repository/io/cucumber/gherkin/24.1.0/gherkin-24.1.0.jar:/Users/vasilii/.m2/repository/io/cucumber/messages/19.1.4/messages-19.1.4.jar:/Users/vasilii/.m2/repository/io/cucumber/tag-expressions/4.1.0/tag-expressions-4.1.0.jar:/Users/vasilii/.m2/repository/io/cucumber/cucumber-expressions/16.0.0/cucumber-expressions-16.0.0.jar:/Users/vasilii/.m2/repository/io/cucumber/datatable/7.9.0/datatable-7.9.0.jar:/Users/vasilii/.m2/repository/io/cucumber/cucumber-plugin/7.9.0/cucumber-plugin-7.9.0.jar:/Users/vasilii/.m2/repository/io/cucumber/docstring/7.9.0/docstring-7.9.0.jar:/Users/vasilii/.m2/repository/io/cucumber/html-formatter/20.1.0/html-formatter-20.1.0.jar:/Users/vasilii/.m2/repository/io/cucumber/ci-environment/9.1.0/ci-environment-9.1.0.jar:/Users/vasilii/.m2/repository/org/apiguardian/apiguardian-api/1.1.2/apiguardian-api-1.1.2.jar:/Users/vasilii/.m2/repository/io/cucumber/cucumber-testng/7.9.0/cucumber-testng-7.9.0.jar:"/>
    <property name="allure.results.directory" value="/Users/vasilii/Documents/TestBase/testBaseAutoTest/target/allure-results"/>
    <property name="sun.cpu.endian" value="little"/>
    <property name="user.home" value="/Users/vasilii"/>
    <property name="user.language" value="ru"/>
    <property name="java.specification.vendor" value="Oracle Corporation"/>
    <property name="java.version.date" value="2024-01-16"/>
    <property name="java.home" value="/usr/local/Cellar/openjdk/21.0.2/libexec/openjdk.jdk/Contents/Home"/>
    <property name="file.separator" value="/"/>
    <property name="basedir" value="/Users/vasilii/Documents/TestBase/testBaseAutoTest"/>
    <property name="java.vm.compressedOopsMode" value="Zero based"/>
    <property name="line.separator" value="&#10;"/>
    <property name="java.vm.specification.vendor" value="Oracle Corporation"/>
    <property name="java.specification.name" value="Java Platform API Specification"/>
    <property name="apple.awt.application.name" value="ForkedBooter"/>
    <property name="surefire.real.class.path" value="/Users/vasilii/Documents/TestBase/testBaseAutoTest/target/surefire/surefirebooter4571333667870539438.jar"/>
    <property name="sun.management.compiler" value="HotSpot 64-Bit Tiered Compilers"/>
    <property name="java.runtime.version" value="21.0.2"/>
    <property name="user.name" value="vasilii"/>
    <property name="stdout.encoding" value="UTF-8"/>
    <property name="path.separator" value=":"/>
    <property name="os.version" value="14.4.1"/>
    <property name="java.runtime.name" value="OpenJDK Runtime Environment"/>
    <property name="file.encoding" value="UTF-8"/>
    <property name="java.vm.name" value="OpenJDK 64-Bit Server VM"/>
    <property name="java.vendor.version" value="Homebrew"/>
    <property name="localRepository" value="/Users/vasilii/.m2/repository"/>
    <property name="java.vendor.url.bug" value="https://github.com/Homebrew/homebrew-core/issues"/>
    <property name="java.io.tmpdir" value="/var/folders/z6/7xscw1w55b77v1m3q0z_8yt00000gn/T/"/>
    <property name="java.version" value="21.0.2"/>
    <property name="user.dir" value="/Users/vasilii/Documents/TestBase/testBaseAutoTest"/>
    <property name="os.arch" value="x86_64"/>
    <property name="java.vm.specification.name" value="Java Virtual Machine Specification"/>
    <property name="native.encoding" value="UTF-8"/>
    <property name="java.library.path" value="/Users/vasilii/Library/Java/Extensions:/Library/Java/Extensions:/Network/Library/Java/Extensions:/System/Library/Java/Extensions:/usr/lib/java:."/>
    <property name="java.vm.info" value="mixed mode, sharing"/>
    <property name="stderr.encoding" value="UTF-8"/>
    <property name="java.vendor" value="Homebrew"/>
    <property name="java.vm.version" value="21.0.2"/>
    <property name="sun.io.unicode.encoding" value="UnicodeBig"/>
    <property name="java.class.version" value="65.0"/>
  </properties>
  <testcase name="clearBdUser" classname="testBase.AuthUserTest" time="0.34"/>
  <testcase name="regNewUserWithWireMock" classname="testBase.AuthUserTest" time="1.09">
    <failure message="1 expectation failed.&#10;Expected status code &lt;200&gt; but was &lt;404&gt;.&#10;" type="java.lang.AssertionError"><![CDATA[java.lang.AssertionError: 
1 expectation failed.
Expected status code <200> but was <404>.

	at testBase.AuthUserTest.regNewUserWithWireMock(AuthUserTest.java:87)
]]></failure>
  </testcase>
</testsuite>